Building DAG of jobs...
Using shell: /usr/bin/bash
Provided cores: 1 (use --cores to define parallelism)
Rules claiming more threads will be scaled down.
Job stats:
job         count
--------  -------
all             1
meme            1
meme_raw        1
total           3

Select jobs to execute...

[Thu Apr 23 18:45:09 2026]
rule meme_raw:
    input: data/raw/sequences.fasta, data/raw/motifs.txt, results/blast/msa.tsv
    output: results/meme/raw_meme.tsv
    jobid: 4
    reason: Missing output files: results/meme/raw_meme.tsv
    resources: tmpdir=/tmp

[Thu Apr 23 18:45:09 2026]
Error in rule meme_raw:
    jobid: 4
    input: data/raw/sequences.fasta, data/raw/motifs.txt, results/blast/msa.tsv
    output: results/meme/raw_meme.tsv
    shell:
        python scripts/run_full_meme.py data/raw/sequences.fasta data/raw/motifs.txt results/blast/msa.tsv results/meme/raw_meme.tsv
        (one of the commands exited with non-zero exit code; note that snakemake uses bash strict mode!)

Shutting down, this might take some time.
Exiting because a job execution failed. Look above for error message
Complete log: .snakemake/log/2026-04-23T184508.364150.snakemake.log
