Building DAG of jobs...
Using shell: /usr/bin/bash
Provided cores: 1 (use --cores to define parallelism)
Rules claiming more threads will be scaled down.
Job stats:
job      count
-----  -------
all          1
blast        1
fetch        1
total        3

Select jobs to execute...

[Thu Apr 23 13:01:33 2026]
rule fetch:
    input: config/input.txt
    output: data/raw/sequences.fasta, data/raw/motifs.txt
    jobid: 2
    reason: Missing output files: data/raw/sequences.fasta, data/raw/motifs.txt
    resources: tmpdir=/tmp

[Thu Apr 23 13:01:34 2026]
Error in rule fetch:
    jobid: 2
    input: config/input.txt
    output: data/raw/sequences.fasta, data/raw/motifs.txt
    shell:
        python scripts/fetch_sequences.py config/input.txt data/raw/sequences.fasta
        (one of the commands exited with non-zero exit code; note that snakemake uses bash strict mode!)

Shutting down, this might take some time.
Exiting because a job execution failed. Look above for error message
Complete log: .snakemake/log/2026-04-23T130133.042900.snakemake.log
