Building DAG of jobs...
Using shell: /usr/bin/bash
Provided cores: 1 (use --cores to define parallelism)
Rules claiming more threads will be scaled down.
Job stats:
job      count
-----  -------
all          1
blast        1
total        2

Select jobs to execute...

[Thu Apr 23 13:22:37 2026]
rule blast:
    input: data/raw/sequences.fasta, data/raw/motifs.txt
    output: results/blast/msa.tsv
    jobid: 1
    reason: Missing output files: results/blast/msa.tsv
    resources: tmpdir=/tmp

[Thu Apr 23 13:22:38 2026]
Finished job 1.
1 of 2 steps (50%) done
Select jobs to execute...

[Thu Apr 23 13:22:38 2026]
localrule all:
    input: results/blast/msa.tsv
    jobid: 0
    reason: Input files updated by another job: results/blast/msa.tsv
    resources: tmpdir=/tmp

[Thu Apr 23 13:22:38 2026]
Finished job 0.
2 of 2 steps (100%) done
Complete log: .snakemake/log/2026-04-23T132236.596817.snakemake.log
